<?xml version="1.0" encoding="UTF-8"?>
<testng-results ignored="0" total="1" passed="1" failed="0" skipped="0">
  <reporter-output>
  </reporter-output>
  <suite started-at="2024-07-11T17:20:46 IST" name="Default suite" finished-at="2024-07-11T17:20:49 IST" duration-ms="3569">
    <groups>
    </groups>
    <test started-at="2024-07-11T17:20:46 IST" name="Default test" finished-at="2024-07-11T17:20:49 IST" duration-ms="3569">
      <class name="com.maveric.TestAPIreqres.PutApiTestreqrs">
        <test-method is-config="true" signature="setUpEnv()[pri:0, instance:com.maveric.TestAPIreqres.PutApiTestreqrs@3527942a]" started-at="2024-07-11T17:20:46 IST" name="setUpEnv" finished-at="2024-07-11T17:20:46 IST" duration-ms="448" status="PASS">
          <reporter-output>
          </reporter-output>
        </test-method> <!-- setUpEnv -->
        <test-method signature="test1()[pri:0, instance:com.maveric.TestAPIreqres.PutApiTestreqrs@3527942a]" started-at="2024-07-11T17:20:46 IST" name="test1" finished-at="2024-07-11T17:20:49 IST" duration-ms="3070" status="PASS">
          <reporter-output>
          </reporter-output>
        </test-method> <!-- test1 -->
        <test-method is-config="true" signature="tearDownEnv()[pri:0, instance:com.maveric.TestAPIreqres.PutApiTestreqrs@3527942a]" started-at="2024-07-11T17:20:49 IST" name="tearDownEnv" finished-at="2024-07-11T17:20:49 IST" duration-ms="1" status="PASS">
          <reporter-output>
          </reporter-output>
        </test-method> <!-- tearDownEnv -->
      </class> <!-- com.maveric.TestAPIreqres.PutApiTestreqrs -->
    </test> <!-- Default test -->
  </suite> <!-- Default suite -->
</testng-results>
